  main.c
D:\User\Develop\GitHub\MacroLib\MacroLib\MacroLib\main.c(15,9): warning C4033: 'check_negative_function' 必須傳回值
D:\User\Develop\GitHub\MacroLib\MacroLib\MacroLib\main.c(22,5): warning C4013: 'strcmp' 未定義; 假設 extern 傳回整數
D:\User\Develop\GitHub\MacroLib\MacroLib\MacroLib\main.c(51,12): warning C4566: 由通用字元名稱 '\u603B' 表示的字元，無法在目前的字碼頁中表示 (950)
D:\User\Develop\GitHub\MacroLib\MacroLib\MacroLib\main.c(62,12): warning C4566: 由通用字元名稱 '\u5185' 表示的字元，無法在目前的字碼頁中表示 (950)
D:\User\Develop\GitHub\MacroLib\MacroLib\MacroLib\main.c(62,12): warning C4566: 由通用字元名稱 '\u6570' 表示的字元，無法在目前的字碼頁中表示 (950)
D:\User\Develop\GitHub\MacroLib\MacroLib\MacroLib\main.c(62,12): warning C4566: 由通用字元名稱 '\u603B' 表示的字元，無法在目前的字碼頁中表示 (950)
D:\User\Develop\GitHub\MacroLib\MacroLib\MacroLib\main.c(73,12): warning C4566: 由通用字元名稱 '\u8BA1' 表示的字元，無法在目前的字碼頁中表示 (950)
D:\User\Develop\GitHub\MacroLib\MacroLib\MacroLib\main.c(73,12): warning C4566: 由通用字元名稱 '\u5185' 表示的字元，無法在目前的字碼頁中表示 (950)
D:\User\Develop\GitHub\MacroLib\MacroLib\MacroLib\main.c(73,12): warning C4566: 由通用字元名稱 '\u6570' 表示的字元，無法在目前的字碼頁中表示 (950)
D:\User\Develop\GitHub\MacroLib\MacroLib\MacroLib\main.c(73,12): warning C4566: 由通用字元名稱 '\u603B' 表示的字元，無法在目前的字碼頁中表示 (950)
D:\User\Develop\GitHub\MacroLib\MacroLib\MacroLib\main.c(87,12): warning C4566: 由通用字元名稱 '\u5386' 表示的字元，無法在目前的字碼頁中表示 (950)
D:\User\Develop\GitHub\MacroLib\MacroLib\MacroLib\main.c(87,12): warning C4566: 由通用字元名稱 '\u7EF4' 表示的字元，無法在目前的字碼頁中表示 (950)
D:\User\Develop\GitHub\MacroLib\MacroLib\MacroLib\main.c(87,12): warning C4566: 由通用字元名稱 '\u9635' 表示的字元，無法在目前的字碼頁中表示 (950)
D:\User\Develop\GitHub\MacroLib\MacroLib\MacroLib\main.c(104,12): warning C4566: 由通用字元名稱 '\u8F93' 表示的字元，無法在目前的字碼頁中表示 (950)
D:\User\Develop\GitHub\MacroLib\MacroLib\MacroLib\main.c(104,12): warning C4566: 由通用字元名稱 '\u9635' 表示的字元，無法在目前的字碼頁中表示 (950)
D:\User\Develop\GitHub\MacroLib\MacroLib\MacroLib\main.c(118,12): warning C4566: 由通用字元名稱 '\u5386' 表示的字元，無法在目前的字碼頁中表示 (950)
D:\User\Develop\GitHub\MacroLib\MacroLib\MacroLib\main.c(118,12): warning C4566: 由通用字元名稱 '\u7EF4' 表示的字元，無法在目前的字碼頁中表示 (950)
D:\User\Develop\GitHub\MacroLib\MacroLib\MacroLib\main.c(118,12): warning C4566: 由通用字元名稱 '\u9635' 表示的字元，無法在目前的字碼頁中表示 (950)
D:\User\Develop\GitHub\MacroLib\MacroLib\MacroLib\main.c(135,12): warning C4566: 由通用字元名稱 '\u8F93' 表示的字元，無法在目前的字碼頁中表示 (950)
D:\User\Develop\GitHub\MacroLib\MacroLib\MacroLib\main.c(135,12): warning C4566: 由通用字元名稱 '\u9635' 表示的字元，無法在目前的字碼頁中表示 (950)
D:\User\Develop\GitHub\MacroLib\MacroLib\MacroLib\main.c(137,5): warning C4003: 類似函式的巨集引動過程 'loopBy2d' 沒有足夠的引數
D:\User\Develop\GitHub\MacroLib\MacroLib\MacroLib\main.c(147,12): warning C4566: 由通用字元名稱 '\u5386' 表示的字元，無法在目前的字碼頁中表示 (950)
D:\User\Develop\GitHub\MacroLib\MacroLib\MacroLib\main.c(147,12): warning C4566: 由通用字元名稱 '\u9635' 表示的字元，無法在目前的字碼頁中表示 (950)
D:\User\Develop\GitHub\MacroLib\MacroLib\MacroLib\main.c(17): warning C4716: 'check_negative_function': 必須傳回值
  MacroLib.vcxproj -> D:\User\Develop\GitHub\MacroLib\MacroLib\Debug\MacroLib.exe
